<?xml version="1.0" encoding="UTF-8"?>
<testsuite name="service.ServiceMockTest" tests="3" skipped="0" failures="0" errors="0" timestamp="2022-03-24T13:44:15" hostname="DESKTOP-9HLGUDQ" time="1.656">
  <properties/>
  <testcase name="Save student" classname="service.ServiceMockTest" time="1.639"/>
  <testcase name="Delete homework" classname="service.ServiceMockTest" time="0.011"/>
  <testcase name="Save homework" classname="service.ServiceMockTest" time="0.003"/>
  <system-out><![CDATA[]]></system-out>
  <system-err><![CDATA[]]></system-err>
</testsuite>
